Using pre-set license
Built from '2020.3/staging' branch; Version is '2020.3.25f1 (9b9180224418) revision 10195328'; Using compiler version '192528614'; Build Type 'Release'
OS: 'Windows 10  (10.0.19044) 64bit Core' Language: 'en' Physical Memory: 16338 MB
BatchMode: 1, IsHumanControllingUs: 0, StartBugReporterOnCrash: 0, Is64bit: 1, IsPro: 0

COMMAND LINE ARGUMENTS:
F:\Duke\2020.3.25f1\Editor\Unity.exe
-adb2
-batchMode
-noUpm
-name
AssetImportWorker0
-projectPath
J:/git/Mixed-reality/Myp
-logFile
Logs/AssetImportWorker0.log
-srvPort
59237
Successfully changed project path to: J:/git/Mixed-reality/Myp
J:/git/Mixed-reality/Myp
Using Asset Import Pipeline V2.
Refreshing native plugins compatible for Editor in 100.99 ms, found 2 plugins.
Preloading 0 native plugins for Editor in 0.00 ms.
Initialize engine version: 2020.3.25f1 (9b9180224418)
[Subsystems] Discovering subsystems at path F:/Duke/2020.3.25f1/Editor/Data/Resources/UnitySubsystems
[Subsystems] Discovering subsystems at path J:/git/Mixed-reality/Myp/Assets
GfxDevice: creating device client; threaded=0
Direct3D:
    Version:  Direct3D 11.0 [level 11.1]
    Renderer: NVIDIA GeForce GTX 1050 (ID=0x1c81)
    Vendor:   
    VRAM:     1977 MB
    Driver:   30.0.14.7196
Initialize mono
Mono path[0] = 'F:/Duke/2020.3.25f1/Editor/Data/Managed'
Mono path[1] = 'F:/Duke/2020.3.25f1/Editor/Data/MonoBleedingEdge/lib/mono/unityjit'
Mono config path = 'F:/Duke/2020.3.25f1/Editor/Data/MonoBleedingEdge/etc'
Using monoOptions --debugger-agent=transport=dt_socket,embedding=1,server=y,suspend=n,address=127.0.0.1:56584
Begin MonoManager ReloadAssembly
Registering precompiled unity dll's ...
Register platform support module: F:/Duke/2020.3.25f1/Editor/Data/PlaybackEngines/WindowsStandaloneSupport/UnityEditor.WindowsStandalone.Extensions.dll
Registered in 0.035296 seconds.
Native extension for WindowsStandalone target not found
Refreshing native plugins compatible for Editor in 51.70 ms, found 2 plugins.
Preloading 0 native plugins for Editor in 0.00 ms.
Mono: successfully reloaded assembly
- Completed reload, in  0.938 seconds
Domain Reload Profiling:
	ReloadAssembly (939ms)
		BeginReloadAssembly (99ms)
			ExecutionOrderSort (0ms)
			DisableScriptedObjects (0ms)
			BackupInstance (0ms)
			ReleaseScriptingObjects (0ms)
			CreateAndSetChildDomain (1ms)
		EndReloadAssembly (691ms)
			LoadAssemblies (94ms)
			RebuildTransferFunctionScriptingTraits (0ms)
			SetupTypeCache (214ms)
			ReleaseScriptCaches (0ms)
			RebuildScriptCaches (43ms)
			SetupLoadedEditorAssemblies (280ms)
				LogAssemblyErrors (0ms)
				InitializePlatformSupportModulesInManaged (6ms)
				SetLoadedEditorAssemblies (0ms)
				RefreshPlugins (52ms)
				BeforeProcessingInitializeOnLoad (29ms)
				ProcessInitializeOnLoadAttributes (115ms)
				ProcessInitializeOnLoadMethodAttributes (78ms)
				AfterProcessingInitializeOnLoad (0ms)
				EditorAssembliesLoaded (0ms)
			ExecutionOrderSort2 (0ms)
			AwakeInstancesAfterBackupRestoration (0ms)
Platform modules already initialized, skipping
Registering precompiled user dll's ...
Registered in 0.116312 seconds.
Begin MonoManager ReloadAssembly
Native extension for WindowsStandalone target not found
Refreshing native plugins compatible for Editor in 0.68 ms, found 2 plugins.
Preloading 0 native plugins for Editor in 0.00 ms.
Mono: successfully reloaded assembly
- Completed reload, in  2.193 seconds
Domain Reload Profiling:
	ReloadAssembly (2195ms)
		BeginReloadAssembly (219ms)
			ExecutionOrderSort (0ms)
			DisableScriptedObjects (7ms)
			BackupInstance (0ms)
			ReleaseScriptingObjects (0ms)
			CreateAndSetChildDomain (24ms)
		EndReloadAssembly (1880ms)
			LoadAssemblies (572ms)
			RebuildTransferFunctionScriptingTraits (0ms)
			SetupTypeCache (540ms)
			ReleaseScriptCaches (0ms)
			RebuildScriptCaches (62ms)
			SetupLoadedEditorAssemblies (563ms)
				LogAssemblyErrors (0ms)
				InitializePlatformSupportModulesInManaged (8ms)
				SetLoadedEditorAssemblies (1ms)
				RefreshPlugins (1ms)
				BeforeProcessingInitializeOnLoad (141ms)
				ProcessInitializeOnLoadAttributes (334ms)
				ProcessInitializeOnLoadMethodAttributes (57ms)
				AfterProcessingInitializeOnLoad (20ms)
				EditorAssembliesLoaded (0ms)
			ExecutionOrderSort2 (0ms)
			AwakeInstancesAfterBackupRestoration (10ms)
Platform modules already initialized, skipping
========================================================================
Worker process is ready to serve import requests
Launched and connected shader compiler UnityShaderCompiler.exe after 0.27 seconds
Refreshing native plugins compatible for Editor in 0.54 ms, found 2 plugins.
Preloading 0 native plugins for Editor in 0.00 ms.
Unloading 1596 Unused Serialized files (Serialized files now loaded: 0)
System memory in use before: 143.6 MB.
System memory in use after: 143.7 MB.

Unloading 20 unused Assets to reduce memory usage. Loaded Objects now: 2032.
Total: 4.076400 ms (FindLiveObjects: 0.205800 ms CreateObjectMapping: 0.126400 ms MarkObjects: 3.650100 ms  DeleteObjects: 0.092300 ms)

AssetImportParameters requested are different than current active one (requested -> active):
  custom:framework-win-MediaFoundation: 216162199b28c13a410421893ffa2e32 -> 
  custom:video-decoder-ogg-theora: a1e56fd34408186e4bbccfd4996cb3dc -> 
  custom:container-muxer-webm: aa71ff27fc2769a1b78a27578f13a17b -> 
  custom:container-demuxer-webm: 4f35f7cbe854078d1ac9338744f61a02 -> 
  custom:container-demuxer-ogg: 62fdf1f143b41e24485cea50d1cbac27 -> 
  custom:video-encoder-webm-vp8: eb34c28f22e8b96e1ab97ce403110664 -> 
  custom:video-decoder-webm-vp8: 9c59270c3fd7afecdb556c50c9e8de78 -> 
  custom:audio-decoder-ogg-vorbis: bf7c407c2cedff20999df2af8eb42d56 -> 
  custom:audio-encoder-webm-vorbis: bf7c407c2cedff20999df2af8eb42d56 -> 
========================================================================
Received Import Request.
  path: Assets/3Dfrk/Frames with pictures/Prefabs/Paint_02.prefab
  artifactKey: Guid(f7c4d057f1187c64bad50c0d179a5f39) Importer(815301076,1909f56bfc062723c751e8b465ee728b)
Start importing Assets/3Dfrk/Frames with pictures/Prefabs/Paint_02.prefab using Guid(f7c4d057f1187c64bad50c0d179a5f39) Importer(815301076,1909f56bfc062723c751e8b465ee728b)  -> (artifact id: '180a3479a5e72110546c04b009ef6306') in 0.371408 seconds 
  Import took 0.375027 seconds .

========================================================================
Received Import Request.
  Time since last request: 0.000449 seconds.
  path: Assets/3Dfrk/Frames with pictures/Prefabs/Paint_08.prefab
  artifactKey: Guid(5c58155118a1cf2469411428cfd4362c) Importer(815301076,1909f56bfc062723c751e8b465ee728b)
Start importing Assets/3Dfrk/Frames with pictures/Prefabs/Paint_08.prefab using Guid(5c58155118a1cf2469411428cfd4362c) Importer(815301076,1909f56bfc062723c751e8b465ee728b)  -> (artifact id: '30dec62a98e5559669646baf53564b83') in 0.035235 seconds 
  Import took 0.039086 seconds .

========================================================================
Received Import Request.
  Time since last request: 0.000277 seconds.
  path: Assets/3Dfrk/Frames with pictures/Prefabs/Paint_10.prefab
  artifactKey: Guid(ba649581e7ae3f54a9892d5967eaaf4a) Importer(815301076,1909f56bfc062723c751e8b465ee728b)
Start importing Assets/3Dfrk/Frames with pictures/Prefabs/Paint_10.prefab using Guid(ba649581e7ae3f54a9892d5967eaaf4a) Importer(815301076,1909f56bfc062723c751e8b465ee728b)  -> (artifact id: 'db712eb1736abc3231270a50b4b0b475') in 0.038342 seconds 
  Import took 0.051539 seconds .

========================================================================
Received Import Request.
  Time since last request: 0.000341 seconds.
  path: Assets/3Dfrk/Frames with pictures/Prefabs/Paint_03.prefab
  artifactKey: Guid(ec2a6eb55d6bac64f8e60e43c3cb20ad) Importer(815301076,1909f56bfc062723c751e8b465ee728b)
Start importing Assets/3Dfrk/Frames with pictures/Prefabs/Paint_03.prefab using Guid(ec2a6eb55d6bac64f8e60e43c3cb20ad) Importer(815301076,1909f56bfc062723c751e8b465ee728b)  -> (artifact id: '2dcc53fc2ac3d5ce9161caf451524d3d') in 0.030276 seconds 
  Import took 0.033859 seconds .

========================================================================
Received Import Request.
  Time since last request: 0.000211 seconds.
  path: Assets/3Dfrk/Frames with pictures/Meshes
  artifactKey: Guid(e4f035c9d180f3649bf3d9a103b80b72) Importer(815301076,1909f56bfc062723c751e8b465ee728b)
Start importing Assets/3Dfrk/Frames with pictures/Meshes using Guid(e4f035c9d180f3649bf3d9a103b80b72) Importer(815301076,1909f56bfc062723c751e8b465ee728b)  -> (artifact id: 'b8e7ad2cadbb28744bc155c4723f4304') in 0.008294 seconds 
  Import took 0.011457 seconds .

========================================================================
Received Import Request.
  Time since last request: 0.000183 seconds.
  path: Assets/3Dfrk/Frames with pictures/Prefabs/Paint_01.prefab
  artifactKey: Guid(eded3844e29c2ec40bc278e2cbd31279) Importer(815301076,1909f56bfc062723c751e8b465ee728b)
Start importing Assets/3Dfrk/Frames with pictures/Prefabs/Paint_01.prefab using Guid(eded3844e29c2ec40bc278e2cbd31279) Importer(815301076,1909f56bfc062723c751e8b465ee728b)  -> (artifact id: '6844d60a4edead10932ed1d82928c11c') in 0.029644 seconds 
  Import took 0.033620 seconds .

========================================================================
Received Import Request.
  Time since last request: 0.000209 seconds.
  path: Assets/3Dfrk/Frames with pictures/Prefabs/Paint_07.prefab
  artifactKey: Guid(1906dcb2568c13f4c962c7e0c0d82ac3) Importer(815301076,1909f56bfc062723c751e8b465ee728b)
Start importing Assets/3Dfrk/Frames with pictures/Prefabs/Paint_07.prefab using Guid(1906dcb2568c13f4c962c7e0c0d82ac3) Importer(815301076,1909f56bfc062723c751e8b465ee728b)  -> (artifact id: 'e25a2035f452fe4e00975e5cf49af822') in 0.032978 seconds 
  Import took 0.036097 seconds .

========================================================================
Received Import Request.
  Time since last request: 0.000211 seconds.
  path: Assets/3Dfrk/Frames with pictures/Prefabs/Paint_05.prefab
  artifactKey: Guid(335e5cedc041a614c86ff1f3feee693a) Importer(815301076,1909f56bfc062723c751e8b465ee728b)
Start importing Assets/3Dfrk/Frames with pictures/Prefabs/Paint_05.prefab using Guid(335e5cedc041a614c86ff1f3feee693a) Importer(815301076,1909f56bfc062723c751e8b465ee728b)  -> (artifact id: 'f0d0a2d90fa83080a83639afb3c5d017') in 0.029224 seconds 
  Import took 0.032422 seconds .

========================================================================
Received Import Request.
  Time since last request: 0.000241 seconds.
  path: Assets/3Dfrk/Frames with pictures/Prefabs/Paint_09.prefab
  artifactKey: Guid(356b1d37aedb571479e6cff7bda80568) Importer(815301076,1909f56bfc062723c751e8b465ee728b)
Start importing Assets/3Dfrk/Frames with pictures/Prefabs/Paint_09.prefab using Guid(356b1d37aedb571479e6cff7bda80568) Importer(815301076,1909f56bfc062723c751e8b465ee728b)  -> (artifact id: '776ba36a692af23eefab8f80828a82ac') in 0.029107 seconds 
  Import took 0.032700 seconds .

========================================================================
Received Import Request.
  Time since last request: 0.000216 seconds.
  path: Assets/3Dfrk/Frames with pictures/Prefabs/Paint_06.prefab
  artifactKey: Guid(abda86a92826ad74f8b3f4b1ab326acc) Importer(815301076,1909f56bfc062723c751e8b465ee728b)
Start importing Assets/3Dfrk/Frames with pictures/Prefabs/Paint_06.prefab using Guid(abda86a92826ad74f8b3f4b1ab326acc) Importer(815301076,1909f56bfc062723c751e8b465ee728b)  -> (artifact id: '18ead2f695b8cc13c0b1c18eb30d523b') in 0.032734 seconds 
  Import took 0.035834 seconds .

========================================================================
Received Import Request.
  Time since last request: 0.000211 seconds.
  path: Assets/3Dfrk/Frames with pictures/Meshes/Paint.FBX
  artifactKey: Guid(7ea765cb44447094ab0aef02257cb821) Importer(815301076,1909f56bfc062723c751e8b465ee728b)
Start importing Assets/3Dfrk/Frames with pictures/Meshes/Paint.FBX using Guid(7ea765cb44447094ab0aef02257cb821) Importer(815301076,1909f56bfc062723c751e8b465ee728b)  -> (artifact id: 'd02ed4cedf87357d5c86677d9bb4a9cb') in 0.270974 seconds 
  Import took 0.274514 seconds .

========================================================================
Received Import Request.
  Time since last request: 0.000239 seconds.
  path: Assets/3Dfrk/Frames with pictures/Prefabs/Paint_04.prefab
  artifactKey: Guid(7e9db585073230b438ac03f1ddea8b07) Importer(815301076,1909f56bfc062723c751e8b465ee728b)
Start importing Assets/3Dfrk/Frames with pictures/Prefabs/Paint_04.prefab using Guid(7e9db585073230b438ac03f1ddea8b07) Importer(815301076,1909f56bfc062723c751e8b465ee728b)  -> (artifact id: '130d1b05c10428727cf7d22a1e1699e5') in 0.030625 seconds 
  Import took 0.034125 seconds .

========================================================================
Received Import Request.
  Time since last request: 8.671726 seconds.
  path: Assets/3Dfrk/Frames with pictures/Textures/Paint_01.png
  artifactKey: Guid(9660de3cf62147f45b25e22b6ab97ae2) Importer(815301076,1909f56bfc062723c751e8b465ee728b)
Start importing Assets/3Dfrk/Frames with pictures/Textures/Paint_01.png using Guid(9660de3cf62147f45b25e22b6ab97ae2) Importer(815301076,1909f56bfc062723c751e8b465ee728b)  -> (artifact id: '244ecdf14d11e0231faee281f7e76307') in 0.089918 seconds 
  Import took 0.095773 seconds .

========================================================================
Received Import Request.
  Time since last request: 2.282321 seconds.
  path: Assets/3Dfrk/Frames with pictures/Textures/Paint_02.png
  artifactKey: Guid(b76c561ffb1a2184f836ef29aaa4c63e) Importer(815301076,1909f56bfc062723c751e8b465ee728b)
Start importing Assets/3Dfrk/Frames with pictures/Textures/Paint_02.png using Guid(b76c561ffb1a2184f836ef29aaa4c63e) Importer(815301076,1909f56bfc062723c751e8b465ee728b)  -> (artifact id: 'f3521cea836bcbb04de2081808886bce') in 0.032740 seconds 
  Import took 0.037243 seconds .

========================================================================
Received Import Request.
  Time since last request: 0.000243 seconds.
  path: Assets/3Dfrk/Frames with pictures/Textures/Paint_06.png
  artifactKey: Guid(70d022ad94241a94086f65ba40287e3f) Importer(815301076,1909f56bfc062723c751e8b465ee728b)
Start importing Assets/3Dfrk/Frames with pictures/Textures/Paint_06.png using Guid(70d022ad94241a94086f65ba40287e3f) Importer(815301076,1909f56bfc062723c751e8b465ee728b)  -> (artifact id: '8a121408633a680f84a63d253dbd004f') in 0.028537 seconds 
  Import took 0.032445 seconds .

========================================================================
Received Import Request.
  Time since last request: 0.000225 seconds.
  path: Assets/3Dfrk/Frames with pictures/Textures/Paint_08.png
  artifactKey: Guid(c97f406d11c78464793fb1addeadba6e) Importer(815301076,1909f56bfc062723c751e8b465ee728b)
Start importing Assets/3Dfrk/Frames with pictures/Textures/Paint_08.png using Guid(c97f406d11c78464793fb1addeadba6e) Importer(815301076,1909f56bfc062723c751e8b465ee728b)  -> (artifact id: '50282a2e9613e4c7b54a7bce3bd8abda') in 0.036015 seconds 
  Import took 0.039259 seconds .

========================================================================
Received Import Request.
  Time since last request: 0.000320 seconds.
  path: Assets/3Dfrk/Frames with pictures/Textures/Paint_10.png
  artifactKey: Guid(19fe3c7d3d5fd664a94be865633843e2) Importer(815301076,1909f56bfc062723c751e8b465ee728b)
Start importing Assets/3Dfrk/Frames with pictures/Textures/Paint_10.png using Guid(19fe3c7d3d5fd664a94be865633843e2) Importer(815301076,1909f56bfc062723c751e8b465ee728b)  -> (artifact id: '6f029abeb5728327659fed7002e73d66') in 0.028460 seconds 
  Import took 0.034538 seconds .

========================================================================
Received Import Request.
  Time since last request: 0.000234 seconds.
  path: Assets/3Dfrk/Frames with pictures/Textures/Paint_04.png
  artifactKey: Guid(6452a48f5eaab1f4ab43586f35b73c17) Importer(815301076,1909f56bfc062723c751e8b465ee728b)
Start importing Assets/3Dfrk/Frames with pictures/Textures/Paint_04.png using Guid(6452a48f5eaab1f4ab43586f35b73c17) Importer(815301076,1909f56bfc062723c751e8b465ee728b)  -> (artifact id: '42af1b1a32cd4ab1382c08e02d9080f4') in 0.027336 seconds 
  Import took 0.031472 seconds .

========================================================================
Received Import Request.
  Time since last request: 0.000233 seconds.
  path: Assets/3Dfrk/Frames with pictures/Textures/Paint_05.png
  artifactKey: Guid(6608acc403b8e3046ad4c37b1ef48fd0) Importer(815301076,1909f56bfc062723c751e8b465ee728b)
Start importing Assets/3Dfrk/Frames with pictures/Textures/Paint_05.png using Guid(6608acc403b8e3046ad4c37b1ef48fd0) Importer(815301076,1909f56bfc062723c751e8b465ee728b)  -> (artifact id: '30a2b5ca74837ee52d6ab06cb7258a4d') in 0.027905 seconds 
  Import took 0.031214 seconds .

========================================================================
Received Import Request.
  Time since last request: 0.000204 seconds.
  path: Assets/3Dfrk/Frames with pictures/Textures/Paint_07.png
  artifactKey: Guid(0097a96f14875f541a004c5816f858da) Importer(815301076,1909f56bfc062723c751e8b465ee728b)
Start importing Assets/3Dfrk/Frames with pictures/Textures/Paint_07.png using Guid(0097a96f14875f541a004c5816f858da) Importer(815301076,1909f56bfc062723c751e8b465ee728b)  -> (artifact id: '2a45611958752740623940efd3d8965b') in 0.030135 seconds 
  Import took 0.034350 seconds .

========================================================================
Received Import Request.
  Time since last request: 0.000048 seconds.
  path: Assets/3Dfrk/Frames with pictures/Textures/Paint_03.png
  artifactKey: Guid(2755801e92becb945bd57b5cbf77482b) Importer(815301076,1909f56bfc062723c751e8b465ee728b)
Start importing Assets/3Dfrk/Frames with pictures/Textures/Paint_03.png using Guid(2755801e92becb945bd57b5cbf77482b) Importer(815301076,1909f56bfc062723c751e8b465ee728b)  -> (artifact id: 'eef99ebae54a2705091230a81ecf2192') in 0.027019 seconds 
  Import took 0.030420 seconds .

========================================================================
Received Import Request.
  Time since last request: 0.000273 seconds.
  path: Assets/3Dfrk/Frames with pictures/Textures/Paint_09.png
  artifactKey: Guid(38fa81545efe11a42b00d7d1e10af0af) Importer(815301076,1909f56bfc062723c751e8b465ee728b)
Start importing Assets/3Dfrk/Frames with pictures/Textures/Paint_09.png using Guid(38fa81545efe11a42b00d7d1e10af0af) Importer(815301076,1909f56bfc062723c751e8b465ee728b)  -> (artifact id: '2f3edc478495ff4ec297b1d57b0cfa77') in 0.030193 seconds 
  Import took 0.033693 seconds .

========================================================================
Received Import Request.
  Time since last request: 150.197384 seconds.
  path: Assets/3Dfrk/Frames with pictures/Textures/1.jpeg
  artifactKey: Guid(9f78817bab9224243b1965b6db038f7e) Importer(815301076,1909f56bfc062723c751e8b465ee728b)
Start importing Assets/3Dfrk/Frames with pictures/Textures/1.jpeg using Guid(9f78817bab9224243b1965b6db038f7e) Importer(815301076,1909f56bfc062723c751e8b465ee728b)  -> (artifact id: '126d45412b91e4b415769544ae7c5c0a') in 0.030798 seconds 
  Import took 0.035196 seconds .

========================================================================
Received Import Request.
  Time since last request: 248.447608 seconds.
  path: Assets/3Dfrk/Frames with pictures/Materials/Paint_02.mat
  artifactKey: Guid(129d635f36d5e9d4fa3b656a8ef75ceb) Importer(815301076,1909f56bfc062723c751e8b465ee728b)
Start importing Assets/3Dfrk/Frames with pictures/Materials/Paint_02.mat using Guid(129d635f36d5e9d4fa3b656a8ef75ceb) Importer(815301076,1909f56bfc062723c751e8b465ee728b)  -> (artifact id: '7f652093251f893ff2817c245ee55f01') in 0.113918 seconds 
  Import took 0.117766 seconds .

========================================================================
Received Import Request.
  Time since last request: 0.000484 seconds.
  path: Assets/3Dfrk/Frames with pictures/Materials/Paint_06.mat
  artifactKey: Guid(ddc8c45e4ad44ac4b97855d23d3ecdd2) Importer(815301076,1909f56bfc062723c751e8b465ee728b)
Start importing Assets/3Dfrk/Frames with pictures/Materials/Paint_06.mat using Guid(ddc8c45e4ad44ac4b97855d23d3ecdd2) Importer(815301076,1909f56bfc062723c751e8b465ee728b)  -> (artifact id: '3bfc4d54a1f35a2ce58d901fd91f0edb') in 0.035200 seconds 
  Import took 0.039270 seconds .

========================================================================
Received Import Request.
  Time since last request: 0.000328 seconds.
  path: Assets/3Dfrk/Frames with pictures/Materials/Paint_10.mat
  artifactKey: Guid(f5d9b99d4099af548a4914382db262a2) Importer(815301076,1909f56bfc062723c751e8b465ee728b)
Start importing Assets/3Dfrk/Frames with pictures/Materials/Paint_10.mat using Guid(f5d9b99d4099af548a4914382db262a2) Importer(815301076,1909f56bfc062723c751e8b465ee728b)  -> (artifact id: '90144ac7bc61f6e7d3c80014e6d5e5fb') in 0.030455 seconds 
  Import took 0.033984 seconds .

========================================================================
Received Import Request.
  Time since last request: 0.000296 seconds.
  path: Assets/3Dfrk/Frames with pictures/Materials/Paint_09.mat
  artifactKey: Guid(20f382ca5b67580458b454c14e57251e) Importer(815301076,1909f56bfc062723c751e8b465ee728b)
Start importing Assets/3Dfrk/Frames with pictures/Materials/Paint_09.mat using Guid(20f382ca5b67580458b454c14e57251e) Importer(815301076,1909f56bfc062723c751e8b465ee728b)  -> (artifact id: 'fb8fae1622b9a5b805ef5f510c8c4e0d') in 0.030076 seconds 
  Import took 0.033873 seconds .

========================================================================
Received Import Request.
  Time since last request: 0.000275 seconds.
  path: Assets/3Dfrk/Frames with pictures/Materials/Paint_04.mat
  artifactKey: Guid(39801b91c835ba944a3b1c21cecd0fd5) Importer(815301076,1909f56bfc062723c751e8b465ee728b)
Start importing Assets/3Dfrk/Frames with pictures/Materials/Paint_04.mat using Guid(39801b91c835ba944a3b1c21cecd0fd5) Importer(815301076,1909f56bfc062723c751e8b465ee728b)  -> (artifact id: '8075a050d2dbc558309d1580d84a40e7') in 0.034041 seconds 
  Import took 0.037438 seconds .

========================================================================
Received Import Request.
  Time since last request: 0.000219 seconds.
  path: Assets/3Dfrk/Frames with pictures/Materials/Paint_07.mat
  artifactKey: Guid(66b8d2bec15e0104b999d5c7dfb45fdc) Importer(815301076,1909f56bfc062723c751e8b465ee728b)
Start importing Assets/3Dfrk/Frames with pictures/Materials/Paint_07.mat using Guid(66b8d2bec15e0104b999d5c7dfb45fdc) Importer(815301076,1909f56bfc062723c751e8b465ee728b)  -> (artifact id: 'c902fe9a38422ec1d442f393b417480a') in 0.031224 seconds 
  Import took 0.034178 seconds .

========================================================================
Received Import Request.
  Time since last request: 0.000210 seconds.
  path: Assets/3Dfrk/Frames with pictures/Materials/Paint_08.mat
  artifactKey: Guid(c86cb7dd3b68e2a40a6205641e36bf97) Importer(815301076,1909f56bfc062723c751e8b465ee728b)
Start importing Assets/3Dfrk/Frames with pictures/Materials/Paint_08.mat using Guid(c86cb7dd3b68e2a40a6205641e36bf97) Importer(815301076,1909f56bfc062723c751e8b465ee728b)  -> (artifact id: '4c48391713a6da1eb98ce33452922090') in 0.030807 seconds 
  Import took 0.033824 seconds .

========================================================================
Received Import Request.
  Time since last request: 0.000309 seconds.
  path: Assets/3Dfrk/Frames with pictures/Materials/Paint_05.mat
  artifactKey: Guid(8125ef854c31e6447b60f45d7262f058) Importer(815301076,1909f56bfc062723c751e8b465ee728b)
Start importing Assets/3Dfrk/Frames with pictures/Materials/Paint_05.mat using Guid(8125ef854c31e6447b60f45d7262f058) Importer(815301076,1909f56bfc062723c751e8b465ee728b)  -> (artifact id: '1143abc7cac30dd5c9ade61753664a60') in 0.032054 seconds 
  Import took 0.035334 seconds .

========================================================================
Received Import Request.
  Time since last request: 0.000232 seconds.
  path: Assets/3Dfrk/Frames with pictures/Materials/Paint_03.mat
  artifactKey: Guid(ee4db12e22efd5f4cb56300fbccda30f) Importer(815301076,1909f56bfc062723c751e8b465ee728b)
Start importing Assets/3Dfrk/Frames with pictures/Materials/Paint_03.mat using Guid(ee4db12e22efd5f4cb56300fbccda30f) Importer(815301076,1909f56bfc062723c751e8b465ee728b)  -> (artifact id: 'a1faecd75863d988a444b782c643f926') in 0.043716 seconds 
  Import took 0.050192 seconds .

========================================================================
Received Import Request.
  Time since last request: 376.650846 seconds.
  path: Assets/Scenes/Paint_IMG01.png
  artifactKey: Guid(77f448cb5df0c65429122daad50b9e28) Importer(815301076,1909f56bfc062723c751e8b465ee728b)
Start importing Assets/Scenes/Paint_IMG01.png using Guid(77f448cb5df0c65429122daad50b9e28) Importer(815301076,1909f56bfc062723c751e8b465ee728b)  -> (artifact id: 'ad53ebfe0105aa5d6d0923acc0b50897') in 0.043202 seconds 
  Import took 0.049198 seconds .

========================================================================
Received Import Request.
  Time since last request: 0.000229 seconds.
  path: Assets/Scenes/Paint_IMG03.png
  artifactKey: Guid(52c0683c8a48d9d418f0fab3ad3e2033) Importer(815301076,1909f56bfc062723c751e8b465ee728b)
Start importing Assets/Scenes/Paint_IMG03.png using Guid(52c0683c8a48d9d418f0fab3ad3e2033) Importer(815301076,1909f56bfc062723c751e8b465ee728b)  -> (artifact id: '84776da0a8a33e7a58ae10c021e6beb2') in 0.033858 seconds 
  Import took 0.037638 seconds .

========================================================================
Received Import Request.
  Time since last request: 0.000297 seconds.
  path: Assets/Scenes/Paint_IMG02.png
  artifactKey: Guid(f3a566d5ecc1f944db4315fa996aae89) Importer(815301076,1909f56bfc062723c751e8b465ee728b)
Start importing Assets/Scenes/Paint_IMG02.png using Guid(f3a566d5ecc1f944db4315fa996aae89) Importer(815301076,1909f56bfc062723c751e8b465ee728b)  -> (artifact id: '544d3f817ed37740a42d27f73c0f4c8d') in 0.031908 seconds 
  Import took 0.037681 seconds .

========================================================================
Received Import Request.
  Time since last request: 145.828221 seconds.
  path: Assets/Scenes/Paint_IMG05.png
  artifactKey: Guid(59620c685d9c0a54299f5d4e24fcada1) Importer(815301076,1909f56bfc062723c751e8b465ee728b)
Start importing Assets/Scenes/Paint_IMG05.png using Guid(59620c685d9c0a54299f5d4e24fcada1) Importer(815301076,1909f56bfc062723c751e8b465ee728b)  -> (artifact id: '33a0777cd82e444e71a55489de7f6dd1') in 0.114200 seconds 
  Import took 0.118686 seconds .

========================================================================
Received Import Request.
  Time since last request: 97.877936 seconds.
  path: Assets/Scenes/Paint_IMG05.png
  artifactKey: Guid(59620c685d9c0a54299f5d4e24fcada1) Importer(815301076,1909f56bfc062723c751e8b465ee728b)
Start importing Assets/Scenes/Paint_IMG05.png using Guid(59620c685d9c0a54299f5d4e24fcada1) Importer(815301076,1909f56bfc062723c751e8b465ee728b)  -> (artifact id: 'ef1da2f6d61fb7a16553f6f1c0a2612d') in 0.041582 seconds 
  Import took 0.046800 seconds .

========================================================================
Received Import Request.
  Time since last request: 26.222797 seconds.
  path: Assets/Scenes/Paint_IMG04.png
  artifactKey: Guid(6cea1859e80ef7e429a9e4515c2659ff) Importer(815301076,1909f56bfc062723c751e8b465ee728b)
Start importing Assets/Scenes/Paint_IMG04.png using Guid(6cea1859e80ef7e429a9e4515c2659ff) Importer(815301076,1909f56bfc062723c751e8b465ee728b)  -> (artifact id: '9cd026ae46c88caa04a2d089c528ff3d') in 0.056927 seconds 
  Import took 0.064796 seconds .

========================================================================
Received Prepare
Registering precompiled user dll's ...
Registered in 0.004070 seconds.
Begin MonoManager ReloadAssembly
Native extension for WindowsStandalone target not found
Refreshing native plugins compatible for Editor in 0.53 ms, found 2 plugins.
Preloading 0 native plugins for Editor in 0.00 ms.
Mono: successfully reloaded assembly
- Completed reload, in  1.443 seconds
Domain Reload Profiling:
	ReloadAssembly (1443ms)
		BeginReloadAssembly (169ms)
			ExecutionOrderSort (0ms)
			DisableScriptedObjects (6ms)
			BackupInstance (0ms)
			ReleaseScriptingObjects (0ms)
			CreateAndSetChildDomain (43ms)
		EndReloadAssembly (1171ms)
			LoadAssemblies (138ms)
			RebuildTransferFunctionScriptingTraits (0ms)
			SetupTypeCache (395ms)
			ReleaseScriptCaches (1ms)
			RebuildScriptCaches (53ms)
			SetupLoadedEditorAssemblies (433ms)
				LogAssemblyErrors (0ms)
				InitializePlatformSupportModulesInManaged (6ms)
				SetLoadedEditorAssemblies (1ms)
				RefreshPlugins (1ms)
				BeforeProcessingInitializeOnLoad (120ms)
				ProcessInitializeOnLoadAttributes (274ms)
				ProcessInitializeOnLoadMethodAttributes (13ms)
				AfterProcessingInitializeOnLoad (19ms)
				EditorAssembliesLoaded (0ms)
			ExecutionOrderSort2 (0ms)
			AwakeInstancesAfterBackupRestoration (10ms)
Platform modules already initialized, skipping
Switching build target platform(19) subTarget(0) extendedPlatform(0) -> platform(13) subTarget(65536) extendedPlatform(0)
Refreshing native plugins compatible for Editor in 0.62 ms, found 2 plugins.
Preloading 0 native plugins for Editor in 0.00 ms.
Unloading 1588 Unused Serialized files (Serialized files now loaded: 0)
System memory in use before: 146.8 MB.
System memory in use after: 146.9 MB.

Unloading 16 unused Assets to reduce memory usage. Loaded Objects now: 2081.
Total: 3.851100 ms (FindLiveObjects: 0.191100 ms CreateObjectMapping: 0.122800 ms MarkObjects: 3.511600 ms  DeleteObjects: 0.024200 ms)

AssetImportParameters requested are different than current active one (requested -> active):
  custom:framework-win-MediaFoundation: 216162199b28c13a410421893ffa2e32 -> 
  custom:video-decoder-ogg-theora: a1e56fd34408186e4bbccfd4996cb3dc -> 
  custom:container-muxer-webm: aa71ff27fc2769a1b78a27578f13a17b -> 
  custom:container-demuxer-webm: 4f35f7cbe854078d1ac9338744f61a02 -> 
  custom:container-demuxer-ogg: 62fdf1f143b41e24485cea50d1cbac27 -> 
  custom:video-encoder-webm-vp8: eb34c28f22e8b96e1ab97ce403110664 -> 
  custom:video-decoder-webm-vp8: 9c59270c3fd7afecdb556c50c9e8de78 -> 
  custom:graphics/normal-map-encoding: 01000000000000000000000000000000 -> 02000000000000000000000000000000
  custom:audio-decoder-ogg-vorbis: bf7c407c2cedff20999df2af8eb42d56 -> 
  custom:audio-encoder-webm-vorbis: bf7c407c2cedff20999df2af8eb42d56 -> 
========================================================================
Received Prepare
Registering precompiled user dll's ...
Registered in 0.004625 seconds.
Begin MonoManager ReloadAssembly
Native extension for WindowsStandalone target not found
Refreshing native plugins compatible for Editor in 0.54 ms, found 2 plugins.
Preloading 0 native plugins for Editor in 0.00 ms.
Mono: successfully reloaded assembly
- Completed reload, in  1.608 seconds
Domain Reload Profiling:
	ReloadAssembly (1609ms)
		BeginReloadAssembly (233ms)
			ExecutionOrderSort (0ms)
			DisableScriptedObjects (8ms)
			BackupInstance (0ms)
			ReleaseScriptingObjects (0ms)
			CreateAndSetChildDomain (68ms)
		EndReloadAssembly (1242ms)
			LoadAssemblies (164ms)
			RebuildTransferFunctionScriptingTraits (0ms)
			SetupTypeCache (412ms)
			ReleaseScriptCaches (1ms)
			RebuildScriptCaches (65ms)
			SetupLoadedEditorAssemblies (444ms)
				LogAssemblyErrors (0ms)
				InitializePlatformSupportModulesInManaged (7ms)
				SetLoadedEditorAssemblies (1ms)
				RefreshPlugins (1ms)
				BeforeProcessingInitializeOnLoad (117ms)
				ProcessInitializeOnLoadAttributes (286ms)
				ProcessInitializeOnLoadMethodAttributes (13ms)
				AfterProcessingInitializeOnLoad (20ms)
				EditorAssembliesLoaded (0ms)
			ExecutionOrderSort2 (0ms)
			AwakeInstancesAfterBackupRestoration (9ms)
Platform modules already initialized, skipping
Switching build target platform(19) subTarget(0) extendedPlatform(0) -> platform(13) subTarget(65536) extendedPlatform(0)
Refreshing native plugins compatible for Editor in 0.53 ms, found 2 plugins.
Preloading 0 native plugins for Editor in 0.00 ms.
Unloading 1588 Unused Serialized files (Serialized files now loaded: 0)
System memory in use before: 146.9 MB.
System memory in use after: 147.0 MB.

Unloading 15 unused Assets to reduce memory usage. Loaded Objects now: 2084.
Total: 3.553300 ms (FindLiveObjects: 0.185100 ms CreateObjectMapping: 0.120200 ms MarkObjects: 3.215700 ms  DeleteObjects: 0.031100 ms)

AssetImportParameters requested are different than current active one (requested -> active):
  custom:framework-win-MediaFoundation: 216162199b28c13a410421893ffa2e32 -> 
  custom:video-decoder-ogg-theora: a1e56fd34408186e4bbccfd4996cb3dc -> 
  custom:container-muxer-webm: aa71ff27fc2769a1b78a27578f13a17b -> 
  custom:container-demuxer-webm: 4f35f7cbe854078d1ac9338744f61a02 -> 
  custom:container-demuxer-ogg: 62fdf1f143b41e24485cea50d1cbac27 -> 
  custom:video-encoder-webm-vp8: eb34c28f22e8b96e1ab97ce403110664 -> 
  custom:video-decoder-webm-vp8: 9c59270c3fd7afecdb556c50c9e8de78 -> 
  custom:graphics/normal-map-encoding: 01000000000000000000000000000000 -> 02000000000000000000000000000000
  custom:audio-decoder-ogg-vorbis: bf7c407c2cedff20999df2af8eb42d56 -> 
  custom:audio-encoder-webm-vorbis: bf7c407c2cedff20999df2af8eb42d56 -> 
AssetImportWorkerClient::OnTransportError - code=2 error=End of file
